2026-03-14 20:35:51,698 - ERROR - Error al analizar la página 1: could not convert string to float: '£51.77'
Traceback (most recent call last):
  File "/Users/mariolopezcervantes/Documents/IUV/OrigenesDeDatos/web_scraping/src/main.py", line 62, in web_scraping
    precio = float(precio_fstring.replace("Â", ""))
             ~~~~~^^^^^^^^^^^^^^^^^^^^^^^^^^^^^^^^^
ValueError: could not convert string to float: '£51.77'
2026-03-14 20:35:52,104 - ERROR - Error al analizar la página 2: could not convert string to float: '£12.84'
Traceback (most recent call last):
  File "/Users/mariolopezcervantes/Documents/IUV/OrigenesDeDatos/web_scraping/src/main.py", line 62, in web_scraping
    precio = float(precio_fstring.replace("Â", ""))
             ~~~~~^^^^^^^^^^^^^^^^^^^^^^^^^^^^^^^^^
ValueError: could not convert string to float: '£12.84'
2026-03-14 20:36:32,465 - ERROR - Error al analizar la página 1: could not convert string to float: '£51.77'
Traceback (most recent call last):
  File "/Users/mariolopezcervantes/Documents/IUV/OrigenesDeDatos/web_scraping/src/main.py", line 62, in web_scraping
    precio = float(precio_fstring.replace("Â", ""))
             ~~~~~^^^^^^^^^^^^^^^^^^^^^^^^^^^^^^^^^
ValueError: could not convert string to float: '£51.77'
2026-03-14 20:36:32,842 - ERROR - Error al analizar la página 2: could not convert string to float: '£12.84'
Traceback (most recent call last):
  File "/Users/mariolopezcervantes/Documents/IUV/OrigenesDeDatos/web_scraping/src/main.py", line 62, in web_scraping
    precio = float(precio_fstring.replace("Â", ""))
             ~~~~~^^^^^^^^^^^^^^^^^^^^^^^^^^^^^^^^^
ValueError: could not convert string to float: '£12.84'
2026-03-14 20:37:14,560 - ERROR - Error al analizar la página 1: could not convert string to float: '£51.77'
Traceback (most recent call last):
  File "/Users/mariolopezcervantes/Documents/IUV/OrigenesDeDatos/web_scraping/src/main.py", line 62, in web_scraping
    precio_fstring = float(precio_fstring.replace("Â", ""))
                     ~~~~~^^^^^^^^^^^^^^^^^^^^^^^^^^^^^^^^^
ValueError: could not convert string to float: '£51.77'
2026-03-14 20:37:14,928 - ERROR - Error al analizar la página 2: could not convert string to float: '£12.84'
Traceback (most recent call last):
  File "/Users/mariolopezcervantes/Documents/IUV/OrigenesDeDatos/web_scraping/src/main.py", line 62, in web_scraping
    precio_fstring = float(precio_fstring.replace("Â", ""))
                     ~~~~~^^^^^^^^^^^^^^^^^^^^^^^^^^^^^^^^^
ValueError: could not convert string to float: '£12.84'
